<?xml version="1.0" encoding="UTF-8"?>
<testsuite xmlns:xsi="http://www.w3.org/2001/XMLSchema-instance" xsi:noNamespaceSchemaLocation="https://maven.apache.org/surefire/maven-surefire-plugin/xsd/surefire-test-report.xsd" name="fit.AppTest" time="0.057" tests="2" errors="0" skipped="0" failures="0">
  <properties>
    <property name="java.specification.version" value="17"/>
    <property name="sun.jnu.encoding" value="UTF-8"/>
    <property name="java.class.path" value="/home/silvia/Documents/Projetos/ProjetoAula01/fit/target/test-classes:/home/silvia/Documents/Projetos/ProjetoAula01/fit/target/classes:/home/silvia/.m2/repository/junit/junit/4.11/junit-4.11.jar:/home/silvia/.m2/repository/org/hamcrest/hamcrest-core/1.3/hamcrest-core-1.3.jar:"/>
    <property name="java.vm.vendor" value="Azul Systems, Inc."/>
    <property name="sun.arch.data.model" value="64"/>
    <property name="java.vendor.url" value="http://www.azul.com/"/>
    <property name="os.name" value="Linux"/>
    <property name="java.vm.specification.version" value="17"/>
    <property name="sun.java.launcher" value="SUN_STANDARD"/>
    <property name="user.country" value="US"/>
    <property name="sun.boot.library.path" value="/home/silvia/.sdkman/candidates/java/17.0.2.fx-zulu/lib"/>
    <property name="sun.java.command" value="/home/silvia/Documents/Projetos/ProjetoAula01/fit/target/surefire/surefirebooter15770756391981476923.jar /home/silvia/Documents/Projetos/ProjetoAula01/fit/target/surefire 2022-11-22T00-26-23_642-jvmRun1 surefire1934487953137423201tmp surefire_09012983053994466895tmp"/>
    <property name="jdk.debug" value="release"/>
    <property name="surefire.test.class.path" value="/home/silvia/Documents/Projetos/ProjetoAula01/fit/target/test-classes:/home/silvia/Documents/Projetos/ProjetoAula01/fit/target/classes:/home/silvia/.m2/repository/junit/junit/4.11/junit-4.11.jar:/home/silvia/.m2/repository/org/hamcrest/hamcrest-core/1.3/hamcrest-core-1.3.jar:"/>
    <property name="sun.cpu.endian" value="little"/>
    <property name="user.home" value="/home/silvia"/>
    <property name="user.language" value="en"/>
    <property name="java.specification.vendor" value="Oracle Corporation"/>
    <property name="java.version.date" value="2022-01-18"/>
    <property name="java.home" value="/home/silvia/.sdkman/candidates/java/17.0.2.fx-zulu"/>
    <property name="file.separator" value="/"/>
    <property name="basedir" value="/home/silvia/Documents/Projetos/ProjetoAula01/fit"/>
    <property name="java.vm.compressedOopsMode" value="32-bit"/>
    <property name="line.separator" value="&#10;"/>
    <property name="java.vm.specification.vendor" value="Oracle Corporation"/>
    <property name="java.specification.name" value="Java Platform API Specification"/>
    <property name="surefire.real.class.path" value="/home/silvia/Documents/Projetos/ProjetoAula01/fit/target/surefire/surefirebooter15770756391981476923.jar"/>
    <property name="sun.management.compiler" value="HotSpot 64-Bit Tiered Compilers"/>
    <property name="java.runtime.version" value="17.0.2+8-LTS"/>
    <property name="user.name" value="silvia"/>
    <property name="path.separator" value=":"/>
    <property name="os.version" value="4.15.0-194-generic"/>
    <property name="java.runtime.name" value="OpenJDK Runtime Environment"/>
    <property name="file.encoding" value="UTF-8"/>
    <property name="java.vm.name" value="OpenJDK 64-Bit Server VM"/>
    <property name="java.vendor.version" value="Zulu17.32+13-CA"/>
    <property name="localRepository" value="/home/silvia/.m2/repository"/>
    <property name="java.vendor.url.bug" value="http://www.azul.com/support/"/>
    <property name="java.io.tmpdir" value="/tmp"/>
    <property name="java.version" value="17.0.2"/>
    <property name="user.dir" value="/home/silvia/Documents/Projetos/ProjetoAula01/fit"/>
    <property name="os.arch" value="amd64"/>
    <property name="java.vm.specification.name" value="Java Virtual Machine Specification"/>
    <property name="native.encoding" value="UTF-8"/>
    <property name="java.library.path" value="/usr/java/packages/lib:/usr/lib64:/lib64:/lib:/usr/lib"/>
    <property name="java.vm.info" value="mixed mode, sharing"/>
    <property name="java.vendor" value="Azul Systems, Inc."/>
    <property name="java.vm.version" value="17.0.2+8-LTS"/>
    <property name="sun.io.unicode.encoding" value="UnicodeLittle"/>
    <property name="java.class.version" value="61.0"/>
  </properties>
  <testcase name="shouldAnswerWithTrue" classname="fit.AppTest" time="0.001"/>
  <testcase name="runVariables" classname="fit.AppTest" time="0.003"/>
</testsuite>